2023-07-06 09:42:19,398 [Worker-1: Loading available Gradle versions] INFO  o.e.b.c.i.u.g.PublishedGradleVersions - Gradle version information cache is out-of-date. Trying to update.
2023-07-06 09:52:08,786 [Worker-1: Loading available Gradle versions] INFO  o.e.b.c.i.u.g.PublishedGradleVersions - Gradle version information cache is up-to-date. Trying to read.
2023-07-06 09:55:46,389 [Worker-25: Creating project "vishali"] INFO  o.e.m.c.i.l.LifecycleMappingFactory - Using org.eclipse.m2e.jdt.JarLifecycleMapping lifecycle mapping for MavenProject: com.fssa.corejava:vishali:0.0.1-SNAPSHOT @ C:\Users\VishaliElayaraja\Desktop\vishali.elayaraja__corejava_project\vishali\pom.xml.
2023-07-06 09:55:47,027 [Worker-25: Creating project "vishali"] INFO  o.e.m.j.i.AbstractJavaProjectConfigurator - Adding source folder /vishali/src/main/java
2023-07-06 09:55:47,032 [Worker-25: Creating project "vishali"] INFO  o.e.m.j.i.AbstractJavaProjectConfigurator - Adding resource folder /vishali/src/main/resources
2023-07-06 09:55:47,034 [Worker-25: Creating project "vishali"] INFO  o.e.m.j.i.AbstractJavaProjectConfigurator - Adding source folder /vishali/src/test/java
2023-07-06 09:55:47,035 [Worker-25: Creating project "vishali"] INFO  o.e.m.j.i.AbstractJavaProjectConfigurator - Adding resource folder /vishali/src/test/resources
2023-07-06 09:55:47,873 [Worker-23: Building] WARN  o.e.m.c.i.embedder.EclipseLogger - Using platform encoding (Cp1252 actually) to copy filtered resources, i.e. build is platform dependent!
2023-07-06 09:55:47,884 [Worker-23: Building] INFO  o.e.m.c.i.embedder.EclipseLogger - Copying 0 resource
2023-07-06 09:55:47,889 [Worker-23: Building] WARN  o.e.m.c.i.embedder.EclipseLogger - Using platform encoding (Cp1252 actually) to copy filtered resources, i.e. build is platform dependent!
2023-07-06 09:55:47,891 [Worker-23: Building] INFO  o.e.m.c.i.embedder.EclipseLogger - Copying 0 resource
2023-07-06 09:57:38,588 [Worker-23: Building] WARN  o.e.m.c.i.embedder.EclipseLogger - Using platform encoding (Cp1252 actually) to copy filtered resources, i.e. build is platform dependent!
2023-07-06 09:57:38,609 [Worker-23: Building] INFO  o.e.m.c.i.embedder.EclipseLogger - Copying 0 resource
2023-07-06 09:57:38,615 [Worker-23: Building] WARN  o.e.m.c.i.embedder.EclipseLogger - Using platform encoding (Cp1252 actually) to copy filtered resources, i.e. build is platform dependent!
2023-07-06 09:57:38,618 [Worker-23: Building] INFO  o.e.m.c.i.embedder.EclipseLogger - Copying 0 resource
2023-07-06 10:02:25,665 [Worker-28: Building] INFO  o.e.m.c.i.l.LifecycleMappingFactory - Using org.eclipse.m2e.jdt.JarLifecycleMapping lifecycle mapping for MavenProject: com.fssa.corejava:vishali:0.0.1-SNAPSHOT @ C:\Users\VishaliElayaraja\Desktop\vishali.elayaraja__corejava_project\vishali\pom.xml.
2023-07-06 10:02:25,704 [Worker-28: Building] WARN  o.e.m.c.i.embedder.EclipseLogger - The artifact mysql:mysql-connector-java:jar:8.0.33 has been relocated to com.mysql:mysql-connector-j:jar:8.0.33: MySQL Connector/J artifacts moved to reverse-DNS compliant Maven 2+ coordinates.
2023-07-06 10:02:26,099 [Worker-28: Building] WARN  o.e.m.c.i.embedder.EclipseLogger - Using platform encoding (Cp1252 actually) to copy filtered resources, i.e. build is platform dependent!
2023-07-06 10:02:26,106 [Worker-28: Building] INFO  o.e.m.c.i.embedder.EclipseLogger - Copying 0 resource
2023-07-06 10:02:26,112 [Worker-28: Building] WARN  o.e.m.c.i.embedder.EclipseLogger - Using platform encoding (Cp1252 actually) to copy filtered resources, i.e. build is platform dependent!
2023-07-06 10:02:26,115 [Worker-28: Building] INFO  o.e.m.c.i.embedder.EclipseLogger - Copying 0 resource
2023-07-06 10:02:27,138 [Worker-8: Updating Maven Project] INFO  o.e.m.c.i.p.ProjectConfigurationManager - Update started
2023-07-06 10:02:27,613 [Worker-8: Updating Maven Project] INFO  o.e.m.c.i.l.LifecycleMappingFactory - Using org.eclipse.m2e.jdt.JarLifecycleMapping lifecycle mapping for MavenProject: com.fssa.corejava:vishali:0.0.1-SNAPSHOT @ C:\Users\VishaliElayaraja\Desktop\vishali.elayaraja__corejava_project\vishali\pom.xml.
2023-07-06 10:02:27,665 [Worker-8: Updating Maven Project] WARN  o.e.m.c.i.embedder.EclipseLogger - The artifact mysql:mysql-connector-java:jar:8.0.33 has been relocated to com.mysql:mysql-connector-j:jar:8.0.33: MySQL Connector/J artifacts moved to reverse-DNS compliant Maven 2+ coordinates.
2023-07-06 10:02:28,033 [Worker-8: Updating Maven Project] INFO  o.e.m.j.i.AbstractJavaProjectConfigurator - Adding source folder /vishali/src/main/java
2023-07-06 10:02:28,034 [Worker-8: Updating Maven Project] INFO  o.e.m.j.i.AbstractJavaProjectConfigurator - Adding resource folder /vishali/src/main/resources
2023-07-06 10:02:28,036 [Worker-8: Updating Maven Project] INFO  o.e.m.j.i.AbstractJavaProjectConfigurator - Adding source folder /vishali/src/test/java
2023-07-06 10:02:28,037 [Worker-8: Updating Maven Project] INFO  o.e.m.j.i.AbstractJavaProjectConfigurator - Adding resource folder /vishali/src/test/resources
2023-07-06 10:02:28,612 [Worker-8: Updating Maven Project] INFO  o.e.m.c.i.p.ProjectConfigurationManager - Update completed for 1 poms: local refresh takes 0.00 sec, refresh facades takes 0.00 sec, update config takes 0.00 sec 
2023-07-06 10:02:28,791 [Worker-29: Building] WARN  o.e.m.c.i.embedder.EclipseLogger - Using platform encoding (Cp1252 actually) to copy filtered resources, i.e. build is platform dependent!
2023-07-06 10:02:28,794 [Worker-29: Building] INFO  o.e.m.c.i.embedder.EclipseLogger - Copying 0 resource
2023-07-06 10:02:28,799 [Worker-29: Building] WARN  o.e.m.c.i.embedder.EclipseLogger - Using platform encoding (Cp1252 actually) to copy filtered resources, i.e. build is platform dependent!
2023-07-06 10:02:28,803 [Worker-29: Building] INFO  o.e.m.c.i.embedder.EclipseLogger - Copying 0 resource
2023-07-06 10:02:35,843 [Worker-32: Building] WARN  o.e.m.c.i.embedder.EclipseLogger - Using platform encoding (Cp1252 actually) to copy filtered resources, i.e. build is platform dependent!
2023-07-06 10:02:35,852 [Worker-32: Building] INFO  o.e.m.c.i.embedder.EclipseLogger - Copying 0 resource
2023-07-06 10:02:35,856 [Worker-32: Building] WARN  o.e.m.c.i.embedder.EclipseLogger - Using platform encoding (Cp1252 actually) to copy filtered resources, i.e. build is platform dependent!
2023-07-06 10:02:35,859 [Worker-32: Building] INFO  o.e.m.c.i.embedder.EclipseLogger - Copying 0 resource
2023-07-06 10:03:00,662 [Worker-8: Launching Executing test in C__Users_VishaliElayaraja_Desktop_vishali.elayaraja__corejava_project_vishali] INFO  o.eclipse.m2e.core.internal.Bundles - getClasspathEntries(Bundle=org.eclipse.m2e.maven.runtime_3.8.701.20230209-1606 [610])
2023-07-06 10:03:00,669 [Worker-8: Launching Executing test in C__Users_VishaliElayaraja_Desktop_vishali.elayaraja__corejava_project_vishali] INFO  o.eclipse.m2e.core.internal.Bundles - 	Entry: C:\Users\VishaliElayaraja\Desktop\eclipse-jee-2023-03-R-win32-x86_64\eclipse\plugins\org.eclipse.m2e.maven.runtime_3.8.701.20230209-1606
2023-07-06 10:03:00,670 [Worker-8: Launching Executing test in C__Users_VishaliElayaraja_Desktop_vishali.elayaraja__corejava_project_vishali] INFO  o.eclipse.m2e.core.internal.Bundles - 	Entry: C:\Users\VishaliElayaraja\Desktop\eclipse-jee-2023-03-R-win32-x86_64\eclipse\plugins\org.eclipse.m2e.maven.runtime_3.8.701.20230209-1606\jars\aether-connector-okhttp-0.17.8.jar
2023-07-06 10:03:00,671 [Worker-8: Launching Executing test in C__Users_VishaliElayaraja_Desktop_vishali.elayaraja__corejava_project_vishali] INFO  o.eclipse.m2e.core.internal.Bundles - 	Entry: C:\Users\VishaliElayaraja\Desktop\eclipse-jee-2023-03-R-win32-x86_64\eclipse\plugins\org.eclipse.m2e.maven.runtime_3.8.701.20230209-1606\jars\commons-lang3-3.8.1.jar
2023-07-06 10:03:00,671 [Worker-8: Launching Executing test in C__Users_VishaliElayaraja_Desktop_vishali.elayaraja__corejava_project_vishali] INFO  o.eclipse.m2e.core.internal.Bundles - 	Entry: C:\Users\VishaliElayaraja\Desktop\eclipse-jee-2023-03-R-win32-x86_64\eclipse\plugins\org.eclipse.m2e.maven.runtime_3.8.701.20230209-1606\jars\guice-4.2.2-no_aop.jar
2023-07-06 10:03:00,672 [Worker-8: Launching Executing test in C__Users_VishaliElayaraja_Desktop_vishali.elayaraja__corejava_project_vishali] INFO  o.eclipse.m2e.core.internal.Bundles - 	Entry: C:\Users\VishaliElayaraja\Desktop\eclipse-jee-2023-03-R-win32-x86_64\eclipse\plugins\org.eclipse.m2e.maven.runtime_3.8.701.20230209-1606\jars\jansi-2.4.0.jar
2023-07-06 10:03:00,674 [Worker-8: Launching Executing test in C__Users_VishaliElayaraja_Desktop_vishali.elayaraja__corejava_project_vishali] INFO  o.eclipse.m2e.core.internal.Bundles - 	Entry: C:\Users\VishaliElayaraja\Desktop\eclipse-jee-2023-03-R-win32-x86_64\eclipse\plugins\org.eclipse.m2e.maven.runtime_3.8.701.20230209-1606\jars\maven-artifact-3.8.7.jar
2023-07-06 10:03:00,674 [Worker-8: Launching Executing test in C__Users_VishaliElayaraja_Desktop_vishali.elayaraja__corejava_project_vishali] INFO  o.eclipse.m2e.core.internal.Bundles - 	Entry: C:\Users\VishaliElayaraja\Desktop\eclipse-jee-2023-03-R-win32-x86_64\eclipse\plugins\org.eclipse.m2e.maven.runtime_3.8.701.20230209-1606\jars\maven-builder-support-3.8.7.jar
2023-07-06 10:03:00,675 [Worker-8: Launching Executing test in C__Users_VishaliElayaraja_Desktop_vishali.elayaraja__corejava_project_vishali] INFO  o.eclipse.m2e.core.internal.Bundles - 	Entry: C:\Users\VishaliElayaraja\Desktop\eclipse-jee-2023-03-R-win32-x86_64\eclipse\plugins\org.eclipse.m2e.maven.runtime_3.8.701.20230209-1606\jars\maven-compat-3.8.7.jar
2023-07-06 10:03:00,675 [Worker-8: Launching Executing test in C__Users_VishaliElayaraja_Desktop_vishali.elayaraja__corejava_project_vishali] INFO  o.eclipse.m2e.core.internal.Bundles - 	Entry: C:\Users\VishaliElayaraja\Desktop\eclipse-jee-2023-03-R-win32-x86_64\eclipse\plugins\org.eclipse.m2e.maven.runtime_3.8.701.20230209-1606\jars\maven-core-3.8.7.jar
2023-07-06 10:03:00,676 [Worker-8: Launching Executing test in C__Users_VishaliElayaraja_Desktop_vishali.elayaraja__corejava_project_vishali] INFO  o.eclipse.m2e.core.internal.Bundles - 	Entry: C:\Users\VishaliElayaraja\Desktop\eclipse-jee-2023-03-R-win32-x86_64\eclipse\plugins\org.eclipse.m2e.maven.runtime_3.8.701.20230209-1606\jars\maven-embedder-3.8.7.jar
2023-07-06 10:03:00,676 [Worker-8: Launching Executing test in C__Users_VishaliElayaraja_Desktop_vishali.elayaraja__corejava_project_vishali] INFO  o.eclipse.m2e.core.internal.Bundles - 	Entry: C:\Users\VishaliElayaraja\Desktop\eclipse-jee-2023-03-R-win32-x86_64\eclipse\plugins\org.eclipse.m2e.maven.runtime_3.8.701.20230209-1606\jars\maven-model-3.8.7.jar
2023-07-06 10:03:00,677 [Worker-8: Launching Executing test in C__Users_VishaliElayaraja_Desktop_vishali.elayaraja__corejava_project_vishali] INFO  o.eclipse.m2e.core.internal.Bundles - 	Entry: C:\Users\VishaliElayaraja\Desktop\eclipse-jee-2023-03-R-win32-x86_64\eclipse\plugins\org.eclipse.m2e.maven.runtime_3.8.701.20230209-1606\jars\maven-model-builder-3.8.7.jar
2023-07-06 10:03:00,678 [Worker-8: Launching Executing test in C__Users_VishaliElayaraja_Desktop_vishali.elayaraja__corejava_project_vishali] INFO  o.eclipse.m2e.core.internal.Bundles - 	Entry: C:\Users\VishaliElayaraja\Desktop\eclipse-jee-2023-03-R-win32-x86_64\eclipse\plugins\org.eclipse.m2e.maven.runtime_3.8.701.20230209-1606\jars\maven-plugin-api-3.8.7.jar
2023-07-06 10:03:00,678 [Worker-8: Launching Executing test in C__Users_VishaliElayaraja_Desktop_vishali.elayaraja__corejava_project_vishali] INFO  o.eclipse.m2e.core.internal.Bundles - 	Entry: C:\Users\VishaliElayaraja\Desktop\eclipse-jee-2023-03-R-win32-x86_64\eclipse\plugins\org.eclipse.m2e.maven.runtime_3.8.701.20230209-1606\jars\maven-repository-metadata-3.8.7.jar
2023-07-06 10:03:00,679 [Worker-8: Launching Executing test in C__Users_VishaliElayaraja_Desktop_vishali.elayaraja__corejava_project_vishali] INFO  o.eclipse.m2e.core.internal.Bundles - 	Entry: C:\Users\VishaliElayaraja\Desktop\eclipse-jee-2023-03-R-win32-x86_64\eclipse\plugins\org.eclipse.m2e.maven.runtime_3.8.701.20230209-1606\jars\maven-resolver-api-1.6.3.jar
2023-07-06 10:03:00,680 [Worker-8: Launching Executing test in C__Users_VishaliElayaraja_Desktop_vishali.elayaraja__corejava_project_vishali] INFO  o.eclipse.m2e.core.internal.Bundles - 	Entry: C:\Users\VishaliElayaraja\Desktop\eclipse-jee-2023-03-R-win32-x86_64\eclipse\plugins\org.eclipse.m2e.maven.runtime_3.8.701.20230209-1606\jars\maven-resolver-connector-basic-1.6.3.jar
2023-07-06 10:03:00,680 [Worker-8: Launching Executing test in C__Users_VishaliElayaraja_Desktop_vishali.elayaraja__corejava_project_vishali] INFO  o.eclipse.m2e.core.internal.Bundles - 	Entry: C:\Users\VishaliElayaraja\Desktop\eclipse-jee-2023-03-R-win32-x86_64\eclipse\plugins\org.eclipse.m2e.maven.runtime_3.8.701.20230209-1606\jars\maven-resolver-impl-1.6.3.jar
2023-07-06 10:03:00,681 [Worker-8: Launching Executing test in C__Users_VishaliElayaraja_Desktop_vishali.elayaraja__corejava_project_vishali] INFO  o.eclipse.m2e.core.internal.Bundles - 	Entry: C:\Users\VishaliElayaraja\Desktop\eclipse-jee-2023-03-R-win32-x86_64\eclipse\plugins\org.eclipse.m2e.maven.runtime_3.8.701.20230209-1606\jars\maven-resolver-provider-3.8.7.jar
2023-07-06 10:03:00,682 [Worker-8: Launching Executing test in C__Users_VishaliElayaraja_Desktop_vishali.elayaraja__corejava_project_vishali] INFO  o.eclipse.m2e.core.internal.Bundles - 	Entry: C:\Users\VishaliElayaraja\Desktop\eclipse-jee-2023-03-R-win32-x86_64\eclipse\plugins\org.eclipse.m2e.maven.runtime_3.8.701.20230209-1606\jars\maven-resolver-spi-1.6.3.jar
2023-07-06 10:03:00,683 [Worker-8: Launching Executing test in C__Users_VishaliElayaraja_Desktop_vishali.elayaraja__corejava_project_vishali] INFO  o.eclipse.m2e.core.internal.Bundles - 	Entry: C:\Users\VishaliElayaraja\Desktop\eclipse-jee-2023-03-R-win32-x86_64\eclipse\plugins\org.eclipse.m2e.maven.runtime_3.8.701.20230209-1606\jars\maven-resolver-transport-wagon-1.6.3.jar
2023-07-06 10:03:00,684 [Worker-8: Launching Executing test in C__Users_VishaliElayaraja_Desktop_vishali.elayaraja__corejava_project_vishali] INFO  o.eclipse.m2e.core.internal.Bundles - 	Entry: C:\Users\VishaliElayaraja\Desktop\eclipse-jee-2023-03-R-win32-x86_64\eclipse\plugins\org.eclipse.m2e.maven.runtime_3.8.701.20230209-1606\jars\maven-resolver-util-1.6.3.jar
2023-07-06 10:03:00,684 [Worker-8: Launching Executing test in C__Users_VishaliElayaraja_Desktop_vishali.elayaraja__corejava_project_vishali] INFO  o.eclipse.m2e.core.internal.Bundles - 	Entry: C:\Users\VishaliElayaraja\Desktop\eclipse-jee-2023-03-R-win32-x86_64\eclipse\plugins\org.eclipse.m2e.maven.runtime_3.8.701.20230209-1606\jars\maven-settings-3.8.7.jar
2023-07-06 10:03:00,685 [Worker-8: Launching Executing test in C__Users_VishaliElayaraja_Desktop_vishali.elayaraja__corejava_project_vishali] INFO  o.eclipse.m2e.core.internal.Bundles - 	Entry: C:\Users\VishaliElayaraja\Desktop\eclipse-jee-2023-03-R-win32-x86_64\eclipse\plugins\org.eclipse.m2e.maven.runtime_3.8.701.20230209-1606\jars\maven-settings-builder-3.8.7.jar
2023-07-06 10:03:00,686 [Worker-8: Launching Executing test in C__Users_VishaliElayaraja_Desktop_vishali.elayaraja__corejava_project_vishali] INFO  o.eclipse.m2e.core.internal.Bundles - 	Entry: C:\Users\VishaliElayaraja\Desktop\eclipse-jee-2023-03-R-win32-x86_64\eclipse\plugins\org.eclipse.m2e.maven.runtime_3.8.701.20230209-1606\jars\maven-shared-utils-3.3.4.jar
2023-07-06 10:03:00,686 [Worker-8: Launching Executing test in C__Users_VishaliElayaraja_Desktop_vishali.elayaraja__corejava_project_vishali] INFO  o.eclipse.m2e.core.internal.Bundles - 	Entry: C:\Users\VishaliElayaraja\Desktop\eclipse-jee-2023-03-R-win32-x86_64\eclipse\plugins\org.eclipse.m2e.maven.runtime_3.8.701.20230209-1606\jars\okhttp-3.14.1.jar
2023-07-06 10:03:00,687 [Worker-8: Launching Executing test in C__Users_VishaliElayaraja_Desktop_vishali.elayaraja__corejava_project_vishali] INFO  o.eclipse.m2e.core.internal.Bundles - 	Entry: C:\Users\VishaliElayaraja\Desktop\eclipse-jee-2023-03-R-win32-x86_64\eclipse\plugins\org.eclipse.m2e.maven.runtime_3.8.701.20230209-1606\jars\okio-1.17.3.jar
2023-07-06 10:03:00,688 [Worker-8: Launching Executing test in C__Users_VishaliElayaraja_Desktop_vishali.elayaraja__corejava_project_vishali] INFO  o.eclipse.m2e.core.internal.Bundles - 	Entry: C:\Users\VishaliElayaraja\Desktop\eclipse-jee-2023-03-R-win32-x86_64\eclipse\plugins\org.eclipse.m2e.maven.runtime_3.8.701.20230209-1606\jars\org.eclipse.sisu.inject-0.3.5.jar
2023-07-06 10:03:00,689 [Worker-8: Launching Executing test in C__Users_VishaliElayaraja_Desktop_vishali.elayaraja__corejava_project_vishali] INFO  o.eclipse.m2e.core.internal.Bundles - 	Entry: C:\Users\VishaliElayaraja\Desktop\eclipse-jee-2023-03-R-win32-x86_64\eclipse\plugins\org.eclipse.m2e.maven.runtime_3.8.701.20230209-1606\jars\org.eclipse.sisu.plexus-0.3.5.jar
2023-07-06 10:03:00,690 [Worker-8: Launching Executing test in C__Users_VishaliElayaraja_Desktop_vishali.elayaraja__corejava_project_vishali] INFO  o.eclipse.m2e.core.internal.Bundles - 	Entry: C:\Users\VishaliElayaraja\Desktop\eclipse-jee-2023-03-R-win32-x86_64\eclipse\plugins\org.eclipse.m2e.maven.runtime_3.8.701.20230209-1606\jars\plexus-build-api-0.0.7.jar
2023-07-06 10:03:00,690 [Worker-8: Launching Executing test in C__Users_VishaliElayaraja_Desktop_vishali.elayaraja__corejava_project_vishali] INFO  o.eclipse.m2e.core.internal.Bundles - 	Entry: C:\Users\VishaliElayaraja\Desktop\eclipse-jee-2023-03-R-win32-x86_64\eclipse\plugins\org.eclipse.m2e.maven.runtime_3.8.701.20230209-1606\jars\plexus-cipher-2.0.jar
2023-07-06 10:03:00,692 [Worker-8: Launching Executing test in C__Users_VishaliElayaraja_Desktop_vishali.elayaraja__corejava_project_vishali] INFO  o.eclipse.m2e.core.internal.Bundles - 	Entry: C:\Users\VishaliElayaraja\Desktop\eclipse-jee-2023-03-R-win32-x86_64\eclipse\plugins\org.eclipse.m2e.maven.runtime_3.8.701.20230209-1606\jars\plexus-classworlds-2.6.0.jar
2023-07-06 10:03:00,692 [Worker-8: Launching Executing test in C__Users_VishaliElayaraja_Desktop_vishali.elayaraja__corejava_project_vishali] INFO  o.eclipse.m2e.core.internal.Bundles - 	Entry: C:\Users\VishaliElayaraja\Desktop\eclipse-jee-2023-03-R-win32-x86_64\eclipse\plugins\org.eclipse.m2e.maven.runtime_3.8.701.20230209-1606\jars\plexus-component-annotations-2.1.0.jar
2023-07-06 10:03:00,693 [Worker-8: Launching Executing test in C__Users_VishaliElayaraja_Desktop_vishali.elayaraja__corejava_project_vishali] INFO  o.eclipse.m2e.core.internal.Bundles - 	Entry: C:\Users\VishaliElayaraja\Desktop\eclipse-jee-2023-03-R-win32-x86_64\eclipse\plugins\org.eclipse.m2e.maven.runtime_3.8.701.20230209-1606\jars\plexus-interpolation-1.26.jar
2023-07-06 10:03:00,693 [Worker-8: Launching Executing test in C__Users_VishaliElayaraja_Desktop_vishali.elayaraja__corejava_project_vishali] INFO  o.eclipse.m2e.core.internal.Bundles - 	Entry: C:\Users\VishaliElayaraja\Desktop\eclipse-jee-2023-03-R-win32-x86_64\eclipse\plugins\org.eclipse.m2e.maven.runtime_3.8.701.20230209-1606\jars\plexus-sec-dispatcher-2.0.jar
2023-07-06 10:03:00,693 [Worker-8: Launching Executing test in C__Users_VishaliElayaraja_Desktop_vishali.elayaraja__corejava_project_vishali] INFO  o.eclipse.m2e.core.internal.Bundles - 	Entry: C:\Users\VishaliElayaraja\Desktop\eclipse-jee-2023-03-R-win32-x86_64\eclipse\plugins\org.eclipse.m2e.maven.runtime_3.8.701.20230209-1606\jars\plexus-utils-3.3.1.jar
2023-07-06 10:03:00,694 [Worker-8: Launching Executing test in C__Users_VishaliElayaraja_Desktop_vishali.elayaraja__corejava_project_vishali] INFO  o.eclipse.m2e.core.internal.Bundles - 	Entry: C:\Users\VishaliElayaraja\Desktop\eclipse-jee-2023-03-R-win32-x86_64\eclipse\plugins\org.eclipse.m2e.maven.runtime_3.8.701.20230209-1606\jars\wagon-file-3.5.3.jar
2023-07-06 10:03:00,695 [Worker-8: Launching Executing test in C__Users_VishaliElayaraja_Desktop_vishali.elayaraja__corejava_project_vishali] INFO  o.eclipse.m2e.core.internal.Bundles - 	Entry: C:\Users\VishaliElayaraja\Desktop\eclipse-jee-2023-03-R-win32-x86_64\eclipse\plugins\org.eclipse.m2e.maven.runtime_3.8.701.20230209-1606\jars\wagon-provider-api-3.5.3.jar
2023-07-06 10:03:00,697 [Worker-8: Launching Executing test in C__Users_VishaliElayaraja_Desktop_vishali.elayaraja__corejava_project_vishali] INFO  o.eclipse.m2e.core.internal.Bundles - getClasspathEntries(Bundle=com.google.guava_31.1.0.jre [11])
2023-07-06 10:03:00,699 [Worker-8: Launching Executing test in C__Users_VishaliElayaraja_Desktop_vishali.elayaraja__corejava_project_vishali] INFO  o.eclipse.m2e.core.internal.Bundles - 	Entry: C:\Users\VishaliElayaraja\Desktop\eclipse-jee-2023-03-R-win32-x86_64\eclipse\plugins\com.google.guava_31.1.0.jre.jar
2023-07-06 10:03:00,699 [Worker-8: Launching Executing test in C__Users_VishaliElayaraja_Desktop_vishali.elayaraja__corejava_project_vishali] INFO  o.eclipse.m2e.core.internal.Bundles - getClasspathEntries(Bundle=slf4j.api_1.7.36 [924])
2023-07-06 10:03:00,702 [Worker-8: Launching Executing test in C__Users_VishaliElayaraja_Desktop_vishali.elayaraja__corejava_project_vishali] INFO  o.eclipse.m2e.core.internal.Bundles - 	Entry: C:\Users\VishaliElayaraja\Desktop\eclipse-jee-2023-03-R-win32-x86_64\eclipse\plugins\slf4j.api_1.7.36.jar
2023-07-06 10:03:00,702 [Worker-8: Launching Executing test in C__Users_VishaliElayaraja_Desktop_vishali.elayaraja__corejava_project_vishali] INFO  o.eclipse.m2e.core.internal.Bundles - getClasspathEntries(Bundle=javax.inject_1.0.0.v20220405-0441 [35])
2023-07-06 10:03:00,705 [Worker-8: Launching Executing test in C__Users_VishaliElayaraja_Desktop_vishali.elayaraja__corejava_project_vishali] INFO  o.eclipse.m2e.core.internal.Bundles - 	Entry: C:\Users\VishaliElayaraja\Desktop\eclipse-jee-2023-03-R-win32-x86_64\eclipse\plugins\javax.inject_1.0.0.v20220405-0441.jar
2023-07-06 10:03:00,705 [Worker-8: Launching Executing test in C__Users_VishaliElayaraja_Desktop_vishali.elayaraja__corejava_project_vishali] INFO  o.eclipse.m2e.core.internal.Bundles - getClasspathEntries(Bundle=javax.annotation_1.3.5.v20221203-1659 [33])
2023-07-06 10:03:00,707 [Worker-8: Launching Executing test in C__Users_VishaliElayaraja_Desktop_vishali.elayaraja__corejava_project_vishali] INFO  o.eclipse.m2e.core.internal.Bundles - 	Entry: C:\Users\VishaliElayaraja\Desktop\eclipse-jee-2023-03-R-win32-x86_64\eclipse\plugins\javax.annotation_1.3.5.v20221203-1659.jar
2023-07-06 10:03:00,707 [Worker-8: Launching Executing test in C__Users_VishaliElayaraja_Desktop_vishali.elayaraja__corejava_project_vishali] INFO  o.eclipse.m2e.core.internal.Bundles - getClasspathEntries(Bundle=org.apache.commons.cli_1.4.0.v20221112-0806 [67])
2023-07-06 10:03:00,710 [Worker-8: Launching Executing test in C__Users_VishaliElayaraja_Desktop_vishali.elayaraja__corejava_project_vishali] INFO  o.eclipse.m2e.core.internal.Bundles - 	Entry: C:\Users\VishaliElayaraja\Desktop\eclipse-jee-2023-03-R-win32-x86_64\eclipse\plugins\org.apache.commons.cli_1.4.0.v20221112-0806.jar
2023-07-06 10:03:00,710 [Worker-8: Launching Executing test in C__Users_VishaliElayaraja_Desktop_vishali.elayaraja__corejava_project_vishali] INFO  o.eclipse.m2e.core.internal.Bundles - getClasspathEntries(Bundle=com.google.guava.failureaccess_1.0.1 [13])
2023-07-06 10:03:00,713 [Worker-8: Launching Executing test in C__Users_VishaliElayaraja_Desktop_vishali.elayaraja__corejava_project_vishali] INFO  o.eclipse.m2e.core.internal.Bundles - 	Entry: C:\Users\VishaliElayaraja\Desktop\eclipse-jee-2023-03-R-win32-x86_64\eclipse\plugins\com.google.guava.failureaccess_1.0.1.jar
2023-07-06 10:03:00,720 [Worker-8: Launching Executing test in C__Users_VishaliElayaraja_Desktop_vishali.elayaraja__corejava_project_vishali] INFO  o.e.m.i.launch.MavenLaunchDelegate - Run build in "C:\Users\VishaliElayaraja\Desktop\vishali.elayaraja__corejava_project\vishali":
2023-07-06 10:03:00,727 [Worker-8: Launching Executing test in C__Users_VishaliElayaraja_Desktop_vishali.elayaraja__corejava_project_vishali] INFO  o.e.m.i.launch.MavenLaunchDelegate -  mvn  -B -Dstyle.color=always test
2023-07-06 10:22:19,205 [Worker-34: Building] WARN  o.e.m.c.i.embedder.EclipseLogger - Using platform encoding (Cp1252 actually) to copy filtered resources, i.e. build is platform dependent!
2023-07-06 10:22:19,210 [Worker-34: Building] INFO  o.e.m.c.i.embedder.EclipseLogger - Copying 0 resource
2023-07-06 10:22:19,213 [Worker-34: Building] WARN  o.e.m.c.i.embedder.EclipseLogger - Using platform encoding (Cp1252 actually) to copy filtered resources, i.e. build is platform dependent!
2023-07-06 10:22:19,215 [Worker-34: Building] INFO  o.e.m.c.i.embedder.EclipseLogger - Copying 0 resource
2023-07-06 10:23:31,564 [Worker-28: Building] WARN  o.e.m.c.i.embedder.EclipseLogger - Using platform encoding (Cp1252 actually) to copy filtered resources, i.e. build is platform dependent!
2023-07-06 10:23:31,569 [Worker-28: Building] INFO  o.e.m.c.i.embedder.EclipseLogger - Copying 0 resource
2023-07-06 10:23:31,574 [Worker-28: Building] WARN  o.e.m.c.i.embedder.EclipseLogger - Using platform encoding (Cp1252 actually) to copy filtered resources, i.e. build is platform dependent!
2023-07-06 10:23:31,577 [Worker-28: Building] INFO  o.e.m.c.i.embedder.EclipseLogger - Copying 0 resource
2023-07-06 10:23:42,749 [Worker-35: Building] WARN  o.e.m.c.i.embedder.EclipseLogger - Using platform encoding (Cp1252 actually) to copy filtered resources, i.e. build is platform dependent!
2023-07-06 10:23:42,752 [Worker-35: Building] INFO  o.e.m.c.i.embedder.EclipseLogger - Copying 0 resource
2023-07-06 10:23:42,756 [Worker-35: Building] WARN  o.e.m.c.i.embedder.EclipseLogger - Using platform encoding (Cp1252 actually) to copy filtered resources, i.e. build is platform dependent!
2023-07-06 10:23:42,759 [Worker-35: Building] INFO  o.e.m.c.i.embedder.EclipseLogger - Copying 0 resource
2023-07-06 10:27:20,339 [Worker-36: Building] ERROR o.e.m.c.i.p.r.ProjectRegistryManager - File not found: C:\Users\VishaliElayaraja\Desktop\vishali.elayaraja__corejava_project\vishali\pom.xml.
org.eclipse.core.internal.resources.ResourceException: File not found: C:\Users\VishaliElayaraja\Desktop\vishali.elayaraja__corejava_project\vishali\pom.xml.
	at org.eclipse.core.internal.localstore.FileSystemResourceManager.read(FileSystemResourceManager.java:835)
	at org.eclipse.core.internal.resources.File.getContents(File.java:277)
	at org.eclipse.core.internal.resources.File.getContents(File.java:268)
	at org.eclipse.m2e.core.internal.project.registry.ProjectRegistryManager.refreshPhase2(ProjectRegistryManager.java:583)
	at org.eclipse.m2e.core.internal.project.registry.ProjectRegistryManager.refresh(ProjectRegistryManager.java:485)
	at org.eclipse.m2e.core.internal.project.registry.ProjectRegistryManager.refresh(ProjectRegistryManager.java:362)
	at org.eclipse.m2e.core.internal.project.registry.ProjectRegistryManager.refresh(ProjectRegistryManager.java:314)
	at org.eclipse.m2e.core.internal.builder.MavenBuilder$BuildMethod.getProjectFacade(MavenBuilder.java:146)
	at org.eclipse.m2e.core.internal.builder.MavenBuilder$BuildMethod.lambda$0(MavenBuilder.java:84)
	at org.eclipse.m2e.core.internal.embedder.MavenExecutionContext.executeBare(MavenExecutionContext.java:394)
	at org.eclipse.m2e.core.internal.embedder.MavenExecutionContext.execute(MavenExecutionContext.java:275)
	at org.eclipse.m2e.core.internal.embedder.MavenExecutionContext.execute(MavenExecutionContext.java:214)
	at org.eclipse.m2e.core.internal.builder.MavenBuilder$BuildMethod.execute(MavenBuilder.java:83)
	at org.eclipse.m2e.core.internal.builder.MavenBuilder.build(MavenBuilder.java:192)
	at org.eclipse.core.internal.events.BuildManager$2.run(BuildManager.java:1020)
	at org.eclipse.core.runtime.SafeRunner.run(SafeRunner.java:45)
	at org.eclipse.core.internal.events.BuildManager.basicBuild(BuildManager.java:247)
	at org.eclipse.core.internal.events.BuildManager.basicBuild(BuildManager.java:303)
	at org.eclipse.core.internal.events.BuildManager$1.run(BuildManager.java:392)
	at org.eclipse.core.runtime.SafeRunner.run(SafeRunner.java:45)
	at org.eclipse.core.internal.events.BuildManager.basicBuild(BuildManager.java:395)
	at org.eclipse.core.internal.events.BuildManager.basicBuildLoop(BuildManager.java:506)
	at org.eclipse.core.internal.events.BuildManager.basicBuildLoop(BuildManager.java:454)
	at org.eclipse.core.internal.events.BuildManager.build(BuildManager.java:536)
	at org.eclipse.core.internal.events.AutoBuildJob.doBuild(AutoBuildJob.java:196)
	at org.eclipse.core.internal.events.AutoBuildJob.run(AutoBuildJob.java:289)
	at org.eclipse.core.internal.jobs.Worker.run(Worker.java:63)
Caused by: java.lang.Exception: File not found: C:\Users\VishaliElayaraja\Desktop\vishali.elayaraja__corejava_project\vishali\pom.xml.
	at org.eclipse.core.internal.resources.ResourceException.provideStackTrace(ResourceException.java:42)
	at org.eclipse.core.internal.resources.ResourceException.<init>(ResourceException.java:38)
	... 27 common frames omitted
